<?xml version="1.0" encoding="UTF-8"?>
<testng-results ignored="0" total="12" passed="12" failed="0" skipped="0">
  <reporter-output>
  </reporter-output>
  <suite started-at="2024-12-05T13:06:22 WET" name="Surefire suite" finished-at="2024-12-05T13:06:47 WET" duration-ms="24744">
    <groups>
      <group name="cucumber">
        <method signature="AbstractTestNGCucumberTests.runScenario(io.cucumber.testng.PickleWrapper,io.cucumber.testng.FeatureWrapper)[pri:0, instance:jPetStoreTestRunner.TestRunner@3c407114]" name="runScenario" class="io.cucumber.testng.AbstractTestNGCucumberTests"/>
      </group> <!-- cucumber -->
    </groups>
    <test started-at="2024-12-05T13:06:22 WET" name="Surefire test" finished-at="2024-12-05T13:06:47 WET" duration-ms="24744">
      <class name="jPetStoreTestRunner.TestRunner">
        <test-method is-config="true" signature="setUpClass(org.testng.ITestContext)[pri:0, instance:jPetStoreTestRunner.TestRunner@3c407114]" started-at="2024-12-05T13:06:22 WET" name="setUpClass" finished-at="2024-12-05T13:06:22 WET" duration-ms="439" status="PASS">
          <params>
            <param index="0">
              <value>
                <![CDATA[org.testng.TestRunner@6f03482]]>
              </value>
            </param>
          </params>
          <reporter-output>
          </reporter-output>
        </test-method> <!-- setUpClass -->
        <test-method signature="runScenario(io.cucumber.testng.PickleWrapper,io.cucumber.testng.FeatureWrapper)[pri:0, instance:jPetStoreTestRunner.TestRunner@3c407114]" started-at="2024-12-05T13:06:23 WET" name="runScenario" description="Runs Cucumber Scenarios" data-provider="scenarios" finished-at="2024-12-05T13:06:33 WET" duration-ms="10444" status="PASS">
          <params>
            <param index="0">
              <value>
                <![CDATA["Successful purchase of a product"]]>
              </value>
            </param>
            <param index="1">
              <value>
                <![CDATA["Product Purchase"]]>
              </value>
            </param>
          </params>
          <reporter-output>
          </reporter-output>
        </test-method> <!-- runScenario -->
        <test-method signature="runScenario(io.cucumber.testng.PickleWrapper,io.cucumber.testng.FeatureWrapper)[pri:0, instance:jPetStoreTestRunner.TestRunner@3c407114]" started-at="2024-12-05T13:06:23 WET" name="runScenario" description="Runs Cucumber Scenarios" data-provider="scenarios" finished-at="2024-12-05T13:06:28 WET" duration-ms="5141" status="PASS">
          <params>
            <param index="0">
              <value>
                <![CDATA["Adding a product to the cart"]]>
              </value>
            </param>
            <param index="1">
              <value>
                <![CDATA["Add product to Cart"]]>
              </value>
            </param>
          </params>
          <reporter-output>
          </reporter-output>
        </test-method> <!-- runScenario -->
        <test-method signature="runScenario(io.cucumber.testng.PickleWrapper,io.cucumber.testng.FeatureWrapper)[pri:0, instance:jPetStoreTestRunner.TestRunner@3c407114]" started-at="2024-12-05T13:06:23 WET" name="runScenario" description="Runs Cucumber Scenarios" data-provider="scenarios" finished-at="2024-12-05T13:06:47 WET" duration-ms="24183" status="PASS">
          <params>
            <param index="0">
              <value>
                <![CDATA["Successful user registration"]]>
              </value>
            </param>
            <param index="1">
              <value>
                <![CDATA["New User Registration"]]>
              </value>
            </param>
          </params>
          <reporter-output>
          </reporter-output>
        </test-method> <!-- runScenario -->
        <test-method signature="runScenario(io.cucumber.testng.PickleWrapper,io.cucumber.testng.FeatureWrapper)[pri:0, instance:jPetStoreTestRunner.TestRunner@3c407114]" started-at="2024-12-05T13:06:23 WET" name="runScenario" description="Runs Cucumber Scenarios" data-provider="scenarios" finished-at="2024-12-05T13:06:35 WET" duration-ms="12627" status="PASS">
          <params>
            <param index="0">
              <value>
                <![CDATA["Successful search for an existing product"]]>
              </value>
            </param>
            <param index="1">
              <value>
                <![CDATA["Search and Check Product"]]>
              </value>
            </param>
          </params>
          <reporter-output>
          </reporter-output>
        </test-method> <!-- runScenario -->
        <test-method signature="runScenario(io.cucumber.testng.PickleWrapper,io.cucumber.testng.FeatureWrapper)[pri:0, instance:jPetStoreTestRunner.TestRunner@3c407114]" started-at="2024-12-05T13:06:23 WET" name="runScenario" description="Runs Cucumber Scenarios" data-provider="scenarios" finished-at="2024-12-05T13:06:35 WET" duration-ms="12563" status="PASS">
          <params>
            <param index="0">
              <value>
                <![CDATA["Successful purchase of a product"]]>
              </value>
            </param>
            <param index="1">
              <value>
                <![CDATA["Product Purchase"]]>
              </value>
            </param>
          </params>
          <reporter-output>
          </reporter-output>
        </test-method> <!-- runScenario -->
        <test-method signature="runScenario(io.cucumber.testng.PickleWrapper,io.cucumber.testng.FeatureWrapper)[pri:0, instance:jPetStoreTestRunner.TestRunner@3c407114]" started-at="2024-12-05T13:06:23 WET" name="runScenario" description="Runs Cucumber Scenarios" data-provider="scenarios" finished-at="2024-12-05T13:06:34 WET" duration-ms="11703" status="PASS">
          <params>
            <param index="0">
              <value>
                <![CDATA["Adding a product to the cart"]]>
              </value>
            </param>
            <param index="1">
              <value>
                <![CDATA["Add product to Cart"]]>
              </value>
            </param>
          </params>
          <reporter-output>
          </reporter-output>
        </test-method> <!-- runScenario -->
        <test-method signature="runScenario(io.cucumber.testng.PickleWrapper,io.cucumber.testng.FeatureWrapper)[pri:0, instance:jPetStoreTestRunner.TestRunner@3c407114]" started-at="2024-12-05T13:06:23 WET" name="runScenario" description="Runs Cucumber Scenarios" data-provider="scenarios" finished-at="2024-12-05T13:06:45 WET" duration-ms="22231" status="PASS">
          <params>
            <param index="0">
              <value>
                <![CDATA["Successful user registration"]]>
              </value>
            </param>
            <param index="1">
              <value>
                <![CDATA["New User Registration"]]>
              </value>
            </param>
          </params>
          <reporter-output>
          </reporter-output>
        </test-method> <!-- runScenario -->
        <test-method signature="runScenario(io.cucumber.testng.PickleWrapper,io.cucumber.testng.FeatureWrapper)[pri:0, instance:jPetStoreTestRunner.TestRunner@3c407114]" started-at="2024-12-05T13:06:23 WET" name="runScenario" description="Runs Cucumber Scenarios" data-provider="scenarios" finished-at="2024-12-05T13:06:27 WET" duration-ms="4503" status="PASS">
          <params>
            <param index="0">
              <value>
                <![CDATA["Successful search for an existing product"]]>
              </value>
            </param>
            <param index="1">
              <value>
                <![CDATA["Search and Check Product"]]>
              </value>
            </param>
          </params>
          <reporter-output>
          </reporter-output>
        </test-method> <!-- runScenario -->
        <test-method signature="runScenario(io.cucumber.testng.PickleWrapper,io.cucumber.testng.FeatureWrapper)[pri:0, instance:jPetStoreTestRunner.TestRunner@3c407114]" started-at="2024-12-05T13:06:23 WET" name="runScenario" description="Runs Cucumber Scenarios" data-provider="scenarios" finished-at="2024-12-05T13:06:30 WET" duration-ms="7648" status="PASS">
          <params>
            <param index="0">
              <value>
                <![CDATA["Successful login with valid credentials"]]>
              </value>
            </param>
            <param index="1">
              <value>
                <![CDATA["User Login"]]>
              </value>
            </param>
          </params>
          <reporter-output>
          </reporter-output>
        </test-method> <!-- runScenario -->
        <test-method signature="runScenario(io.cucumber.testng.PickleWrapper,io.cucumber.testng.FeatureWrapper)[pri:0, instance:jPetStoreTestRunner.TestRunner@3c407114]" started-at="2024-12-05T13:06:23 WET" name="runScenario" description="Runs Cucumber Scenarios" data-provider="scenarios" finished-at="2024-12-05T13:06:34 WET" duration-ms="11375" status="PASS">
          <params>
            <param index="0">
              <value>
                <![CDATA["Successful login with valid credentials"]]>
              </value>
            </param>
            <param index="1">
              <value>
                <![CDATA["User Login"]]>
              </value>
            </param>
          </params>
          <reporter-output>
          </reporter-output>
        </test-method> <!-- runScenario -->
        <test-method signature="runScenario(io.cucumber.testng.PickleWrapper,io.cucumber.testng.FeatureWrapper)[pri:0, instance:jPetStoreTestRunner.TestRunner@3c407114]" started-at="2024-12-05T13:06:27 WET" name="runScenario" description="Runs Cucumber Scenarios" data-provider="scenarios" finished-at="2024-12-05T13:06:31 WET" duration-ms="4048" status="PASS">
          <params>
            <param index="0">
              <value>
                <![CDATA["Viewing product details"]]>
              </value>
            </param>
            <param index="1">
              <value>
                <![CDATA["Search and Check Product"]]>
              </value>
            </param>
          </params>
          <reporter-output>
          </reporter-output>
        </test-method> <!-- runScenario -->
        <test-method signature="runScenario(io.cucumber.testng.PickleWrapper,io.cucumber.testng.FeatureWrapper)[pri:0, instance:jPetStoreTestRunner.TestRunner@3c407114]" started-at="2024-12-05T13:06:28 WET" name="runScenario" description="Runs Cucumber Scenarios" data-provider="scenarios" finished-at="2024-12-05T13:06:35 WET" duration-ms="7592" status="PASS">
          <params>
            <param index="0">
              <value>
                <![CDATA["Viewing product details"]]>
              </value>
            </param>
            <param index="1">
              <value>
                <![CDATA["Search and Check Product"]]>
              </value>
            </param>
          </params>
          <reporter-output>
          </reporter-output>
        </test-method> <!-- runScenario -->
        <test-method is-config="true" signature="tearDownClass()[pri:0, instance:jPetStoreTestRunner.TestRunner@3c407114]" started-at="2024-12-05T13:06:47 WET" name="tearDownClass" finished-at="2024-12-05T13:06:47 WET" duration-ms="91" status="PASS">
          <reporter-output>
          </reporter-output>
        </test-method> <!-- tearDownClass -->
      </class> <!-- jPetStoreTestRunner.TestRunner -->
    </test> <!-- Surefire test -->
  </suite> <!-- Surefire suite -->
</testng-results>
