<?xml version="1.0" encoding="UTF-8"?>
<testsuite xmlns:xsi="http://www.w3.org/2001/XMLSchema-instance" xsi:noNamespaceSchemaLocation="https://maven.apache.org/surefire/maven-surefire-plugin/xsd/surefire-test-report-3.0.xsd" version="3.0" name="TestSuite" time="25.052" tests="12" errors="0" skipped="0" failures="0">
  <properties>
[...]
</properties>
  <testcase name="runScenario[&quot;Successful search for an existing product&quot;, &quot;Search and Check Product&quot;](1)" classname="jPetStoreTestRunner.TestRunner" time="4.502">
    <system-out><![CDATA[
@petstore
Scenario Outline: Successful search for an existing product &amp#27;[90m# src/test/resources/features/JPetSearchAndCheckProduct.feature:15&amp#27;[0m

@petstore
Scenario Outline: Successful login with valid credentials &amp#27;[90m# src/test/resources/features/JPetLogin.feature:17&amp#27;[0m

@petstore
Scenario Outline: Successful user registration          &amp#27;[90m# src/test/resources/features/JPetRegistration.feature:16&amp#27;[0m

@petstore
Scenario Outline: Successful search for an existing product &amp#27;[90m# src/test/resources/features/JPetSearchAndCheckProduct.feature:16&amp#27;[0m

@petstore
Scenario Outline: Adding a product to the cart    &amp#27;[90m# src/test/resources/features/JPetAddProductToCart.feature:16&amp#27;[0m

@petstore
Scenario Outline: Adding a product to the cart    &amp#27;[90m# src/test/resources/features/JPetAddProductToCart.feature:15&amp#27;[0m

@petstore
Scenario Outline: Successful purchase of a product    &amp#27;[90m# src/test/resources/features/JPetPurchaseProduct.feature:22&amp#27;[0m

@petstore
Scenario Outline: Successful purchase of a product    &amp#27;[90m# src/test/resources/features/JPetPurchaseProduct.feature:21&amp#27;[0m

@petstore
Scenario Outline: Successful user registration          &amp#27;[90m# src/test/resources/features/JPetRegistration.feature:17&amp#27;[0m

@petstore
Scenario Outline: Successful login with valid credentials &amp#27;[90m# src/test/resources/features/JPetLogin.feature:16&amp#27;[0m
  &amp#27;[32mGiven &amp#27;[0m&amp#27;[32mI am on the homepage using &amp#27;[0m&amp#27;[32m&amp#27;[1m"chrome"&amp#27;[0m             &amp#27;[90m# jPetStoreSteps.steps.HomePageSteps.i_am_on_the_homepage_using(java.lang.String)&amp#27;[0m
  &amp#27;[32mGiven &amp#27;[0m&amp#27;[32mI am on the homepage using &amp#27;[0m&amp#27;[32m&amp#27;[1m"chrome"&amp#27;[0m           &amp#27;[90m# jPetStoreSteps.steps.HomePageSteps.i_am_on_the_homepage_using(java.lang.String)&amp#27;[0m
  &amp#27;[32mGiven &amp#27;[0m&amp#27;[32mI am on the homepage using &amp#27;[0m&amp#27;[32m&amp#27;[1m"chrome"&amp#27;[0m                 &amp#27;[90m# jPetStoreSteps.steps.HomePageSteps.i_am_on_the_homepage_using(java.lang.String)&amp#27;[0m
  &amp#27;[32mGiven &amp#27;[0m&amp#27;[32mI am on the homepage using &amp#27;[0m&amp#27;[32m&amp#27;[1m"chrome"&amp#27;[0m       &amp#27;[90m# jPetStoreSteps.steps.HomePageSteps.i_am_on_the_homepage_using(java.lang.String)&amp#27;[0m
  &amp#27;[32mAnd &amp#27;[0m&amp#27;[32mI navigate to the Create an account page&amp#27;[0m          &amp#27;[90m# jPetStoreSteps.steps.RegistrationSteps.i_navigate_to_the_Create_an_account_page()&amp#27;[0m
  &amp#27;[32mGiven &amp#27;[0m&amp#27;[32mI am on the homepage using &amp#27;[0m&amp#27;[32m&amp#27;[1m"chrome"&amp#27;[0m               &amp#27;[90m# jPetStoreSteps.steps.HomePageSteps.i_am_on_the_homepage_using(java.lang.String)&amp#27;[0m
  &amp#27;[32mAnd &amp#27;[0m&amp#27;[32mI navigate to the login page&amp#27;[0m                        &amp#27;[90m# jPetStoreSteps.steps.LoginSteps.i_navigate_to_the_login_page()&amp#27;[0m
  &amp#27;[32mWhen &amp#27;[0m&amp#27;[32mI enter &amp#27;[0m&amp#27;[32m&amp#27;[1m"Finch"&amp#27;[0m&amp#27;[32m in the search bar&amp#27;[0m                    &amp#27;[90m# jPetStoreSteps.steps.SearchAndCheckProductSteps.i_enter_in_the_search_bar(java.lang.String)&amp#27;[0m
  &amp#27;[32mAnd &amp#27;[0m&amp#27;[32mI click the Search button&amp#27;[0m                             &amp#27;[90m# jPetStoreSteps.steps.SearchAndCheckProductSteps.i_click_the_search_button()&amp#27;[0m
  &amp#27;[32mAnd &amp#27;[0m&amp#27;[32mI enter &amp#27;[0m&amp#27;[32m&amp#27;[1m"Finch"&amp#27;[0m&amp#27;[32m in the search bar&amp#27;[0m           &amp#27;[90m# jPetStoreSteps.steps.SearchAndCheckProductSteps.i_enter_in_the_search_bar(java.lang.String)&amp#27;[0m
  &amp#27;[32mThen &amp#27;[0m&amp#27;[32mI should see a list of products related to &amp#27;[0m&amp#27;[32m&amp#27;[1m"Finch"&amp#27;[0m   &amp#27;[90m# jPetStoreSteps.steps.SearchAndCheckProductSteps.i_should_see_a_list_of_products_related_to(java.lang.String)&amp#27;[0m
]]></system-out>
    <system-err><![CDATA[SLF4J: Failed to load class "org.slf4j.impl.StaticLoggerBinder".
SLF4J: Defaulting to no-operation (NOP) logger implementation
SLF4J: See http://www.slf4j.org/codes.html#StaticLoggerBinder for further details.
dez. 05, 2024 1:06:25 DA TARDE org.openqa.selenium.devtools.CdpVersionFinder findNearestMatch
WARNING: Unable to find CDP implementation matching 131
dez. 05, 2024 1:06:25 DA TARDE org.openqa.selenium.chromium.ChromiumDriver lambda$new$5
WARNING: Unable to find version of CDP to use for 131.0.6778.87. You may need to include a dependency on a specific version of the CDP using something similar to `org.seleniumhq.selenium:selenium-devtools-v86:4.16.1` where the version ("v86") matches the version of the chromium-based browser you're using and the version number of the artifact is the same as Selenium's.
dez. 05, 2024 1:06:25 DA TARDE org.openqa.selenium.devtools.CdpVersionFinder findNearestMatch
WARNING: Unable to find CDP implementation matching 131
dez. 05, 2024 1:06:25 DA TARDE org.openqa.selenium.chromium.ChromiumDriver lambda$new$5
WARNING: Unable to find version of CDP to use for 131.0.6778.87. You may need to include a dependency on a specific version of the CDP using something similar to `org.seleniumhq.selenium:selenium-devtools-v86:4.16.1` where the version ("v86") matches the version of the chromium-based browser you're using and the version number of the artifact is the same as Selenium's.
dez. 05, 2024 1:06:25 DA TARDE org.openqa.selenium.devtools.CdpVersionFinder findNearestMatch
WARNING: Unable to find CDP implementation matching 131
dez. 05, 2024 1:06:25 DA TARDE org.openqa.selenium.chromium.ChromiumDriver lambda$new$5
WARNING: Unable to find version of CDP to use for 131.0.6778.87. You may need to include a dependency on a specific version of the CDP using something similar to `org.seleniumhq.selenium:selenium-devtools-v86:4.16.1` where the version ("v86") matches the version of the chromium-based browser you're using and the version number of the artifact is the same as Selenium's.
dez. 05, 2024 1:06:25 DA TARDE org.openqa.selenium.devtools.CdpVersionFinder findNearestMatch
WARNING: Unable to find CDP implementation matching 131
dez. 05, 2024 1:06:25 DA TARDE org.openqa.selenium.chromium.ChromiumDriver lambda$new$5
WARNING: Unable to find version of CDP to use for 131.0.6778.87. You may need to include a dependency on a specific version of the CDP using something similar to `org.seleniumhq.selenium:selenium-devtools-v86:4.16.1` where the version ("v86") matches the version of the chromium-based browser you're using and the version number of the artifact is the same as Selenium's.
dez. 05, 2024 1:06:25 DA TARDE org.openqa.selenium.devtools.CdpVersionFinder findNearestMatch
WARNING: Unable to find CDP implementation matching 131
dez. 05, 2024 1:06:25 DA TARDE org.openqa.selenium.chromium.ChromiumDriver lambda$new$5
WARNING: Unable to find version of CDP to use for 131.0.6778.87. You may need to include a dependency on a specific version of the CDP using something similar to `org.seleniumhq.selenium:selenium-devtools-v86:4.16.1` where the version ("v86") matches the version of the chromium-based browser you're using and the version number of the artifact is the same as Selenium's.
]]></system-err>
  </testcase>
  <testcase name="runScenario[&quot;Adding a product to the cart&quot;, &quot;Add product to Cart&quot;](2)" classname="jPetStoreTestRunner.TestRunner" time="0.632">
    <system-out><![CDATA[
@petstore
Scenario Outline: Viewing product details                 &amp#27;[90m# src/test/resources/features/JPetSearchAndCheckProduct.feature:27&amp#27;[0m
  &amp#27;[32mAnd &amp#27;[0m&amp#27;[32mI click on the item after searching &amp#27;[0m&amp#27;[32m&amp#27;[1m"Finch"&amp#27;[0m &amp#27;[90m# jPetStoreSteps.steps.AddProductToCartSteps.i_click_on_the_item_after_searching(java.lang.String)&amp#27;[0m
  &amp#27;[32mThen &amp#27;[0m&amp#27;[32mI click on the Add to cart button&amp#27;[0m          &amp#27;[90m# jPetStoreSteps.steps.AddProductToCartSteps.i_click_on_the_add_to_cart_button()&amp#27;[0m
]]></system-out>
  </testcase>
  <testcase name="runScenario[&quot;Successful login with valid credentials&quot;, &quot;User Login&quot;](3)" classname="jPetStoreTestRunner.TestRunner" time="2.504">
    <system-out><![CDATA[
@petstore
Scenario Outline: Viewing product details                 &amp#27;[90m# src/test/resources/features/JPetSearchAndCheckProduct.feature:28&amp#27;[0m
  &amp#27;[32mGiven &amp#27;[0m&amp#27;[32mI am on the homepage using &amp#27;[0m&amp#27;[32m&amp#27;[1m"chrome"&amp#27;[0m               &amp#27;[90m# jPetStoreSteps.steps.HomePageSteps.i_am_on_the_homepage_using(java.lang.String)&amp#27;[0m
  &amp#27;[32mGiven &amp#27;[0m&amp#27;[32mI am on the homepage using &amp#27;[0m&amp#27;[32m&amp#27;[1m"firefox"&amp#27;[0m          &amp#27;[90m# jPetStoreSteps.steps.HomePageSteps.i_am_on_the_homepage_using(java.lang.String)&amp#27;[0m
  &amp#27;[32mGiven &amp#27;[0m&amp#27;[32mI am on the homepage using &amp#27;[0m&amp#27;[32m&amp#27;[1m"firefox"&amp#27;[0m              &amp#27;[90m# jPetStoreSteps.steps.HomePageSteps.i_am_on_the_homepage_using(java.lang.String)&amp#27;[0m
  &amp#27;[32mAnd &amp#27;[0m&amp#27;[32mI am autenticated with &amp#27;[0m&amp#27;[32m&amp#27;[1m"ElkmoonX"&amp#27;[0m&amp#27;[32m and &amp#27;[0m&amp#27;[32m&amp#27;[1m"Xpto0E€"&amp#27;[0m &amp#27;[90m# jPetStoreSteps.steps.PurchaseProductSteps.i_am_autenticated_with_and(java.lang.String,java.lang.String)&amp#27;[0m
  &amp#27;[32mWhen &amp#27;[0m&amp#27;[32mI enter my &amp#27;[0m&amp#27;[32m&amp#27;[1m"ElkmoonX"&amp#27;[0m&amp#27;[32m and &amp#27;[0m&amp#27;[32m&amp#27;[1m"Xpto0E€"&amp#27;[0m                &amp#27;[90m# jPetStoreSteps.steps.LoginSteps.i_enter_my_username_and_password(java.lang.String,java.lang.String)&amp#27;[0m
  &amp#27;[32mAnd &amp#27;[0m&amp#27;[32mI navigate to the login page&amp#27;[0m                        &amp#27;[90m# jPetStoreSteps.steps.LoginSteps.i_navigate_to_the_login_page()&amp#27;[0m
  &amp#27;[32mAnd &amp#27;[0m&amp#27;[32mI click the Login button&amp#27;[0m                            &amp#27;[90m# jPetStoreSteps.steps.LoginSteps.i_click_the_login_button()&amp#27;[0m
  &amp#27;[32mThen &amp#27;[0m&amp#27;[32mI should see a welcome message&amp#27;[0m                     &amp#27;[90m# jPetStoreSteps.steps.LoginSteps.i_should_see_a_welcome_message()&amp#27;[0m
  &amp#27;[32mGiven &amp#27;[0m&amp#27;[32mI am on the homepage using &amp#27;[0m&amp#27;[32m&amp#27;[1m"firefox"&amp#27;[0m            &amp#27;[90m# jPetStoreSteps.steps.HomePageSteps.i_am_on_the_homepage_using(java.lang.String)&amp#27;[0m
]]></system-out>
    <system-err><![CDATA[dez. 05, 2024 1:06:28 DA TARDE org.openqa.selenium.devtools.CdpVersionFinder findNearestMatch
WARNING: Unable to find CDP implementation matching 131
dez. 05, 2024 1:06:28 DA TARDE org.openqa.selenium.chromium.ChromiumDriver lambda$new$5
WARNING: Unable to find version of CDP to use for 131.0.6778.87. You may need to include a dependency on a specific version of the CDP using something similar to `org.seleniumhq.selenium:selenium-devtools-v86:4.16.1` where the version ("v86") matches the version of the chromium-based browser you're using and the version number of the artifact is the same as Selenium's.
]]></system-err>
  </testcase>
  <testcase name="runScenario[&quot;Viewing product details&quot;, &quot;Search and Check Product&quot;](4)" classname="jPetStoreTestRunner.TestRunner" time="3.412">
    <system-out><![CDATA[  &amp#27;[32mAnd &amp#27;[0m&amp#27;[32mI searched for &amp#27;[0m&amp#27;[32m&amp#27;[1m"Finch"&amp#27;[0m&amp#27;[32m and results are displayed&amp#27;[0m    &amp#27;[90m# jPetStoreSteps.steps.SearchAndCheckProductSteps.i_searched_for_and_results_are_displayed(java.lang.String)&amp#27;[0m
  &amp#27;[32mAnd &amp#27;[0m&amp#27;[32mI navigate to the Create an account page&amp#27;[0m          &amp#27;[90m# jPetStoreSteps.steps.RegistrationSteps.i_navigate_to_the_Create_an_account_page()&amp#27;[0m
  &amp#27;[32mWhen &amp#27;[0m&amp#27;[32mI click on the first item&amp#27;[0m                          &amp#27;[90m# jPetStoreSteps.steps.SearchAndCheckProductSteps.i_click_on_the_first_item()&amp#27;[0m
  &amp#27;[32mThen &amp#27;[0m&amp#27;[32mI should be redirected to the product details page&amp#27;[0m &amp#27;[90m# jPetStoreSteps.steps.SearchAndCheckProductSteps.i_should_be_redirected_to_the_product_details_page()&amp#27;[0m
]]></system-out>
  </testcase>
  <testcase name="runScenario[&quot;Successful purchase of a product&quot;, &quot;Product Purchase&quot;](5)" classname="jPetStoreTestRunner.TestRunner" time="5.301">
    <system-out><![CDATA[  &amp#27;[32mGiven &amp#27;[0m&amp#27;[32mI am on the homepage using &amp#27;[0m&amp#27;[32m&amp#27;[1m"firefox"&amp#27;[0m      &amp#27;[90m# jPetStoreSteps.steps.HomePageSteps.i_am_on_the_homepage_using(java.lang.String)&amp#27;[0m
  &amp#27;[32mAnd &amp#27;[0m&amp#27;[32mI am autenticated with &amp#27;[0m&amp#27;[32m&amp#27;[1m"ElkmoonX"&amp#27;[0m&amp#27;[32m and &amp#27;[0m&amp#27;[32m&amp#27;[1m"Xpto0E€"&amp#27;[0m &amp#27;[90m# jPetStoreSteps.steps.PurchaseProductSteps.i_am_autenticated_with_and(java.lang.String,java.lang.String)&amp#27;[0m
  &amp#27;[32mAnd &amp#27;[0m&amp#27;[32mI add a product to the cart using &amp#27;[0m&amp#27;[32m&amp#27;[1m"Finch"&amp#27;[0m       &amp#27;[90m# jPetStoreSteps.steps.PurchaseProductSteps.i_add_a_product_to_the_cart_using(java.lang.String)&amp#27;[0m
  &amp#27;[32mWhen &amp#27;[0m&amp#27;[32mI proceed to checkout&amp#27;[0m                          &amp#27;[90m# jPetStoreSteps.steps.PurchaseProductSteps.i_proceed_to_checkout()&amp#27;[0m
  &amp#27;[32mWhen &amp#27;[0m&amp#27;[32mI enter my &amp#27;[0m&amp#27;[32m&amp#27;[1m"ElkmoonX"&amp#27;[0m&amp#27;[32m and &amp#27;[0m&amp#27;[32m&amp#27;[1m"Xpto0E€"&amp#27;[0m                &amp#27;[90m# jPetStoreSteps.steps.LoginSteps.i_enter_my_username_and_password(java.lang.String,java.lang.String)&amp#27;[0m
  &amp#27;[32mGiven &amp#27;[0m&amp#27;[32mI am on the homepage using &amp#27;[0m&amp#27;[32m&amp#27;[1m"firefox"&amp#27;[0m              &amp#27;[90m# jPetStoreSteps.steps.HomePageSteps.i_am_on_the_homepage_using(java.lang.String)&amp#27;[0m
  &amp#27;[32mAnd &amp#27;[0m&amp#27;[32mI fill out my payment details&amp#27;[0m                   &amp#27;[90m# jPetStoreSteps.steps.PurchaseProductSteps.i_fill_out_my_payment_details()&amp#27;[0m
  &amp#27;[32mAnd &amp#27;[0m&amp#27;[32mI enter &amp#27;[0m&amp#27;[32m&amp#27;[1m"Finch"&amp#27;[0m&amp#27;[32m in the search bar&amp#27;[0m           &amp#27;[90m# jPetStoreSteps.steps.SearchAndCheckProductSteps.i_enter_in_the_search_bar(java.lang.String)&amp#27;[0m
  &amp#27;[32mAnd &amp#27;[0m&amp#27;[32mI click the Login button&amp#27;[0m                            &amp#27;[90m# jPetStoreSteps.steps.LoginSteps.i_click_the_login_button()&amp#27;[0m
  &amp#27;[32mGiven &amp#27;[0m&amp#27;[32mI am on the homepage using &amp#27;[0m&amp#27;[32m&amp#27;[1m"firefox"&amp#27;[0m                &amp#27;[90m# jPetStoreSteps.steps.HomePageSteps.i_am_on_the_homepage_using(java.lang.String)&amp#27;[0m
  &amp#27;[32mThen &amp#27;[0m&amp#27;[32mI should see a welcome message&amp#27;[0m                     &amp#27;[90m# jPetStoreSteps.steps.LoginSteps.i_should_see_a_welcome_message()&amp#27;[0m
  &amp#27;[32mAnd &amp#27;[0m&amp#27;[32mI click the Continue button&amp#27;[0m                     &amp#27;[90m# jPetStoreSteps.steps.PurchaseProductSteps.i_click_the_continue_button()&amp#27;[0m
  &amp#27;[32mAnd &amp#27;[0m&amp#27;[32mI click on the item after searching &amp#27;[0m&amp#27;[32m&amp#27;[1m"Finch"&amp#27;[0m &amp#27;[90m# jPetStoreSteps.steps.AddProductToCartSteps.i_click_on_the_item_after_searching(java.lang.String)&amp#27;[0m
  &amp#27;[32mAnd &amp#27;[0m&amp#27;[32mI confirm the order&amp#27;[0m                             &amp#27;[90m# jPetStoreSteps.steps.PurchaseProductSteps.i_confirm_the_order()&amp#27;[0m
  &amp#27;[32mThen &amp#27;[0m&amp#27;[32mI should see a confirmation message&amp#27;[0m            &amp#27;[90m# jPetStoreSteps.steps.PurchaseProductSteps.i_should_see_a_confirmation_message()&amp#27;[0m
  &amp#27;[32mThen &amp#27;[0m&amp#27;[32mI click on the Add to cart button&amp#27;[0m          &amp#27;[90m# jPetStoreSteps.steps.AddProductToCartSteps.i_click_on_the_add_to_cart_button()&amp#27;[0m
]]></system-out>
  </testcase>
  <testcase name="runScenario[&quot;Successful login with valid credentials&quot;, &quot;User Login&quot;](6)" classname="jPetStoreTestRunner.TestRunner" time="6.231">
    <system-out><![CDATA[  &amp#27;[32mAnd &amp#27;[0m&amp#27;[32mI add a product to the cart using &amp#27;[0m&amp#27;[32m&amp#27;[1m"Finch"&amp#27;[0m       &amp#27;[90m# jPetStoreSteps.steps.PurchaseProductSteps.i_add_a_product_to_the_cart_using(java.lang.String)&amp#27;[0m
  &amp#27;[32mWhen &amp#27;[0m&amp#27;[32mI proceed to checkout&amp#27;[0m                          &amp#27;[90m# jPetStoreSteps.steps.PurchaseProductSteps.i_proceed_to_checkout()&amp#27;[0m
  &amp#27;[32mWhen &amp#27;[0m&amp#27;[32mI enter &amp#27;[0m&amp#27;[32m&amp#27;[1m"Finch"&amp#27;[0m&amp#27;[32m in the search bar&amp#27;[0m                    &amp#27;[90m# jPetStoreSteps.steps.SearchAndCheckProductSteps.i_enter_in_the_search_bar(java.lang.String)&amp#27;[0m
  &amp#27;[32mAnd &amp#27;[0m&amp#27;[32mI fill out my payment details&amp#27;[0m                   &amp#27;[90m# jPetStoreSteps.steps.PurchaseProductSteps.i_fill_out_my_payment_details()&amp#27;[0m
  &amp#27;[32mAnd &amp#27;[0m&amp#27;[32mI click the Continue button&amp#27;[0m                     &amp#27;[90m# jPetStoreSteps.steps.PurchaseProductSteps.i_click_the_continue_button()&amp#27;[0m
  &amp#27;[32mAnd &amp#27;[0m&amp#27;[32mI searched for &amp#27;[0m&amp#27;[32m&amp#27;[1m"Finch"&amp#27;[0m&amp#27;[32m and results are displayed&amp#27;[0m    &amp#27;[90m# jPetStoreSteps.steps.SearchAndCheckProductSteps.i_searched_for_and_results_are_displayed(java.lang.String)&amp#27;[0m
  &amp#27;[32mAnd &amp#27;[0m&amp#27;[32mI click the Search button&amp#27;[0m                             &amp#27;[90m# jPetStoreSteps.steps.SearchAndCheckProductSteps.i_click_the_search_button()&amp#27;[0m
  &amp#27;[32mAnd &amp#27;[0m&amp#27;[32mI confirm the order&amp#27;[0m                             &amp#27;[90m# jPetStoreSteps.steps.PurchaseProductSteps.i_confirm_the_order()&amp#27;[0m
  &amp#27;[32mWhen &amp#27;[0m&amp#27;[32mI click on the first item&amp#27;[0m                          &amp#27;[90m# jPetStoreSteps.steps.SearchAndCheckProductSteps.i_click_on_the_first_item()&amp#27;[0m
  &amp#27;[32mThen &amp#27;[0m&amp#27;[32mI should see a confirmation message&amp#27;[0m            &amp#27;[90m# jPetStoreSteps.steps.PurchaseProductSteps.i_should_see_a_confirmation_message()&amp#27;[0m
  &amp#27;[32mThen &amp#27;[0m&amp#27;[32mI should see a list of products related to &amp#27;[0m&amp#27;[32m&amp#27;[1m"Finch"&amp#27;[0m   &amp#27;[90m# jPetStoreSteps.steps.SearchAndCheckProductSteps.i_should_see_a_list_of_products_related_to(java.lang.String)&amp#27;[0m
  &amp#27;[32mThen &amp#27;[0m&amp#27;[32mI should be redirected to the product details page&amp#27;[0m &amp#27;[90m# jPetStoreSteps.steps.SearchAndCheckProductSteps.i_should_be_redirected_to_the_product_details_page()&amp#27;[0m
]]></system-out>
  </testcase>
  <testcase name="runScenario[&quot;Adding a product to the cart&quot;, &quot;Add product to Cart&quot;](7)" classname="jPetStoreTestRunner.TestRunner" time="6.557"/>
  <testcase name="runScenario[&quot;Successful purchase of a product&quot;, &quot;Product Purchase&quot;](8)" classname="jPetStoreTestRunner.TestRunner" time="7.417"/>
  <testcase name="runScenario[&quot;Successful search for an existing product&quot;, &quot;Search and Check Product&quot;](9)" classname="jPetStoreTestRunner.TestRunner" time="7.481"/>
  <testcase name="runScenario[&quot;Viewing product details&quot;, &quot;Search and Check Product&quot;](10)" classname="jPetStoreTestRunner.TestRunner" time="7.592"/>
  <testcase name="runScenario[&quot;Successful user registration&quot;, &quot;New User Registration&quot;](11)" classname="jPetStoreTestRunner.TestRunner" time="17.086">
    <system-out><![CDATA[  &amp#27;[32mWhen &amp#27;[0m&amp#27;[32mI fill in account registration with valid values&amp#27;[0m &amp#27;[90m# jPetStoreSteps.steps.RegistrationSteps.i_fill_in_account_registration_with_valid_values()&amp#27;[0m
  &amp#27;[32mAnd &amp#27;[0m&amp#27;[32mI click the Create an Account button&amp#27;[0m              &amp#27;[90m# jPetStoreSteps.steps.RegistrationSteps.i_click_the_create_an_account_button()&amp#27;[0m
  &amp#27;[32mThen &amp#27;[0m&amp#27;[32mI should see be redirected to the main page&amp#27;[0m      &amp#27;[90m# jPetStoreSteps.steps.RegistrationSteps.i_should_see_be_redirected_to_the_main_page()&amp#27;[0m
]]></system-out>
  </testcase>
  <testcase name="runScenario[&quot;Successful user registration&quot;, &quot;New User Registration&quot;](12)" classname="jPetStoreTestRunner.TestRunner" time="19.037">
    <system-out><![CDATA[  &amp#27;[32mWhen &amp#27;[0m&amp#27;[32mI fill in account registration with valid values&amp#27;[0m &amp#27;[90m# jPetStoreSteps.steps.RegistrationSteps.i_fill_in_account_registration_with_valid_values()&amp#27;[0m
  &amp#27;[32mAnd &amp#27;[0m&amp#27;[32mI click the Create an Account button&amp#27;[0m              &amp#27;[90m# jPetStoreSteps.steps.RegistrationSteps.i_click_the_create_an_account_button()&amp#27;[0m
  &amp#27;[32mThen &amp#27;[0m&amp#27;[32mI should see be redirected to the main page&amp#27;[0m      &amp#27;[90m# jPetStoreSteps.steps.RegistrationSteps.i_should_see_be_redirected_to_the_main_page()&amp#27;[0m
]]></system-out>
  </testcase>
</testsuite>